<?xml version="1.0" encoding="UTF-8"?>
<testsuite name="CVTests" tests="1" skipped="0" failures="0" errors="0" timestamp="2020-11-19T00:03:21" hostname="AARTAMONOV-PC" time="0.023">
  <properties/>
  <testcase name="TestTest" classname="CVTests" time="0.023"/>
  <system-out><![CDATA[]]></system-out>
  <system-err><![CDATA[]]></system-err>
</testsuite>
